<?xml version="1.0" encoding="UTF-8"?>
<!-- Generated by org.testng.reporters.JUnitReportReporter -->
<testsuite hostname="DESKTOP-K2FF4CE" failures="0" tests="1" name="project_name_group_id.tests.HomePageTest" time="38.029" errors="0" timestamp="2022-08-12T11:00:44 IST" skipped="0">
  <testcase classname="project_name_group_id.tests.HomePageTest" name="verifyHomePageLoadedSuccessfully" time="38.029"/>
  <system-out/>
</testsuite> <!-- project_name_group_id.tests.HomePageTest -->
