<?xml version="1.0" encoding="UTF-8"?>
<!-- Generated by org.testng.reporters.JUnitReportReporter -->
<testsuite hostname="DESKTOP-K2FF4CE" failures="0" tests="2" name="project_name_group_id.tests.HomePageIRCTCTest" time="76.043" errors="0" timestamp="2022-08-12T09:43:26 IST" skipped="0">
  <testcase classname="project_name_group_id.tests.HomePageIRCTCTest" name="verifyTrainSearchSuccessWithAllAvailableFileds" time="40.228"/>
  <system-out/>
  <testcase classname="project_name_group_id.tests.HomePageIRCTCTest" name="verifyTrainSearchSuccessWithMandatoryFileds" time="35.815"/>
  <system-out/>
</testsuite> <!-- project_name_group_id.tests.HomePageIRCTCTest -->
