<?xml version="1.0" encoding="UTF-8"?>
<!-- Generated by org.testng.reporters.JUnitReportReporter -->
<testsuite hostname="DESKTOP-K2FF4CE" failures="0" tests="6" name="project_amazon_group_01.tests.AmazonFiltersTest" time="136.449" errors="0" timestamp="2022-08-15T22:04:08 IST" skipped="0">
  <testcase classname="project_amazon_group_01.tests.AmazonFiltersTest" name="verifySearchWithBrandFilter" time="19.022"/>
  <system-out/>
  <testcase classname="project_amazon_group_01.tests.AmazonFiltersTest" name="verifySearchWithColorFilter" time="16.560"/>
  <system-out/>
  <testcase classname="project_amazon_group_01.tests.AmazonFiltersTest" name="verifyWashingMachineLoadingTypeAndDept" time="29.256"/>
  <system-out/>
  <testcase classname="project_amazon_group_01.tests.AmazonFiltersTest" name="verifyColorAndInternalStorageFilters" time="21.761"/>
  <system-out/>
  <testcase classname="project_amazon_group_01.tests.AmazonFiltersTest" name="verifyRatingsAndPriceFilters" time="25.479"/>
  <system-out/>
  <testcase classname="project_amazon_group_01.tests.AmazonFiltersTest" name="verifyBrandAndOsFilters" time="24.371"/>
  <system-out/>
</testsuite> <!-- project_amazon_group_01.tests.AmazonFiltersTest -->
