<?xml version="1.0" encoding="UTF-8"?>
<!-- Generated by org.testng.reporters.JUnitReportReporter -->
<testsuite hostname="DESKTOP-K2FF4CE" failures="0" tests="1" name="project_amazon_group_01.tests.HomePageTest" time="2.842" errors="0" timestamp="2022-08-12T11:02:36 IST" skipped="0">
  <testcase classname="project_amazon_group_01.tests.HomePageTest" name="verifyHomePageLoadedSuccessfully" time="2.842"/>
  <system-out/>
</testsuite> <!-- project_amazon_group_01.tests.HomePageTest -->
