<?xml version="1.0" encoding="UTF-8"?>
<!-- Generated by org.testng.reporters.JUnitReportReporter -->
<testsuite hostname="DESKTOP-K2FF4CE" failures="0" tests="1" name="project_amazon_group_01.tests.AmazonCartPageTest" time="54.642" errors="0" timestamp="2022-08-16T08:01:53 IST" skipped="0">
  <testcase classname="project_amazon_group_01.tests.AmazonCartPageTest" name="verifyItemsDisplayedinCartPageSuccessfully" time="54.642"/>
  <system-out/>
</testsuite> <!-- project_amazon_group_01.tests.AmazonCartPageTest -->
