<?xml version="1.0" encoding="UTF-8"?>
<!-- Generated by org.testng.reporters.JUnitReportReporter -->
<testsuite hostname="DESKTOP-K2FF4CE" failures="0" tests="1" name="project_amazon_group_01.tests.GoogleSearchPageTest" time="17.694" errors="0" timestamp="2022-08-11T23:32:47 IST" skipped="0">
  <testcase classname="project_amazon_group_01.tests.GoogleSearchPageTest" name="searchInText" time="17.694"/>
  <system-out/>
</testsuite> <!-- project_amazon_group_01.tests.GoogleSearchPageTest -->
